0.000000,41.786570,-2.172382
1.000000,48.833715,-0.862344
2.000000,73.134011,9.204246
3.000000,66.759006,20.826427
4.000000,79.532423,21.013240
5.000000,60.967879,8.950959
6.000000,67.148227,8.284764
7.000000,74.943995,16.821895
8.000000,87.157136,17.514595
9.000000,79.841668,25.227557
10.000000,78.891914,24.874379
11.000000,79.666850,25.494891
12.000000,69.970544,26.910407
13.000000,74.709365,28.393880
14.000000,88.400660,31.123766
15.000000,87.804904,33.290094
16.000000,88.310664,35.876736
17.000000,88.505275,36.108665
18.000000,89.143205,45.388562
19.000000,87.682848,39.013403
20.000000,89.283499,40.309331
21.000000,86.886803,35.641064
22.000000,87.536851,35.063033
23.000000,87.853341,37.447704
24.000000,88.498337,33.583982
25.000000,87.894700,36.245776
26.000000,87.553131,36.120068
27.000000,88.562774,37.569995
28.000000,89.113875,38.636561
29.000000,89.263626,40.679711
30.000000,87.872798,39.841422
0.000000,35.923931,-2.449648
1.000000,51.055994,0.165341
2.000000,61.215149,5.373633
3.000000,58.566532,19.964861
4.000000,69.546330,19.570641
5.000000,72.918826,17.419322
6.000000,78.929778,24.339303
7.000000,78.815409,28.072736
8.000000,73.124757,28.823614
9.000000,73.072431,28.777237
10.000000,86.496850,31.117903
11.000000,74.947159,30.392079
12.000000,73.044086,30.355199
13.000000,86.360864,34.433403
14.000000,72.984529,36.489882
15.000000,78.465744,34.808275
16.000000,85.110658,35.733639
17.000000,86.610996,40.900081
18.000000,84.780466,25.382137
19.000000,85.644696,30.490031
20.000000,85.608631,33.385812
21.000000,78.932659,31.255133
22.000000,85.324978,30.709917
23.000000,79.104759,29.964544
24.000000,79.240431,30.391362
25.000000,86.237127,32.958672
26.000000,67.222614,31.279671
27.000000,86.228630,30.998550
28.000000,86.067375,34.259197
29.000000,84.895778,31.236753
30.000000,79.012020,31.586984
0.000000,48.024474,-2.348834
1.000000,52.875656,-0.386036
2.000000,49.538829,4.079400
3.000000,66.122439,5.203037
4.000000,60.960668,6.129852
5.000000,55.880017,7.367763
6.000000,60.819590,8.793860
7.000000,53.398063,8.593963
8.000000,72.089568,12.855757
9.000000,69.567417,9.554115
10.000000,55.050377,12.302696
11.000000,60.985835,11.403595
12.000000,66.944874,12.424225
13.000000,60.872784,13.445679
14.000000,74.898871,13.736368
15.000000,85.435159,20.558575
16.000000,72.282210,21.153823
17.000000,73.940947,19.588683
18.000000,86.228950,23.916560
19.000000,86.268372,27.949073
20.000000,72.786805,18.406615
21.000000,88.288918,24.671455
22.000000,85.655318,28.899128
23.000000,87.217264,26.017826
24.000000,88.475681,31.104365
25.000000,87.900789,21.235456
26.000000,88.398654,23.568073
27.000000,87.599486,27.168879
28.000000,79.104652,23.054772
29.000000,88.794531,27.857733
30.000000,86.778020,32.060993
0.000000,48.642517,-1.013865
1.000000,48.735788,1.613267
2.000000,57.188629,15.397055
3.000000,61.159609,18.312130
4.000000,86.089930,19.106965
5.000000,79.600650,18.482423
6.000000,67.579903,20.029560
7.000000,79.634002,21.431158
8.000000,69.863566,20.090529
9.000000,67.196963,18.776601
10.000000,73.686477,19.731486
11.000000,57.084799,24.390061
12.000000,66.782537,21.932586
13.000000,58.736778,22.179276
14.000000,78.594953,22.148229
15.000000,61.779188,24.684242
16.000000,72.915677,25.710700
17.000000,79.173294,22.429266
18.000000,86.114540,24.376871
19.000000,67.603732,28.380341
20.000000,87.184338,27.530202
21.000000,85.449767,26.897186
22.000000,87.425517,31.084559
23.000000,87.467006,35.815733
24.000000,87.363201,33.845558
25.000000,79.953446,35.083896
26.000000,88.804925,33.199013
27.000000,88.290484,30.991113
28.000000,87.411503,34.610723
29.000000,87.153442,38.811220
30.000000,89.353615,36.867147
0.000000,33.462234,-3.024312
1.000000,46.922799,-0.425092
2.000000,61.033034,12.004832
3.000000,66.798924,16.038757
4.000000,67.182838,17.628591
5.000000,72.659643,14.124256
6.000000,74.397359,10.829448
7.000000,85.803738,16.422790
8.000000,73.174050,17.791963
9.000000,64.386584,21.300429
10.000000,61.540446,22.442005
11.000000,66.964528,20.776425
12.000000,66.951233,22.513240
13.000000,72.991265,25.549530
14.000000,78.894152,27.352046
15.000000,78.889464,26.486143
16.000000,73.049326,29.165923
17.000000,78.813631,28.767436
18.000000,78.987082,30.744862
19.000000,79.007738,31.333032
20.000000,79.733272,28.615736
21.000000,73.804496,31.042339
22.000000,86.690905,35.074232
23.000000,85.727210,24.133934
24.000000,79.467493,28.113286
25.000000,85.999824,33.447639
26.000000,87.416563,28.310975
27.000000,74.629322,34.214640
28.000000,73.034138,38.740279
29.000000,85.359519,37.368582
30.000000,84.379703,37.796649
0.000000,49.640520,-2.242344
1.000000,49.241629,0.712820
2.000000,48.844911,4.927773
3.000000,44.111195,4.654127
4.000000,55.947649,4.101846
5.000000,66.863674,11.266593
6.000000,78.885123,16.497413
7.000000,53.081743,13.994263
8.000000,73.352730,15.430496
9.000000,70.030924,17.852904
10.000000,78.833561,17.144372
11.000000,88.517350,21.737386
12.000000,85.152662,21.640661
13.000000,73.119667,22.223307
14.000000,86.364734,22.921915
15.000000,85.790263,20.964264
16.000000,66.505920,21.748747
17.000000,85.143900,25.251435
18.000000,85.769467,24.669367
19.000000,88.453359,26.537494
20.000000,88.167503,28.712421
21.000000,88.774719,28.304134
22.000000,86.192259,26.860073
23.000000,87.401574,30.676098
24.000000,88.901080,30.955245
25.000000,87.374138,28.918186
26.000000,88.490979,28.833718
27.000000,86.311356,30.573695
28.000000,87.927072,31.962224
29.000000,87.203876,31.806623
30.000000,88.782011,31.313090
0.000000,33.462699,-2.324830
1.000000,48.831067,1.994234
2.000000,58.234168,3.005421
3.000000,87.014426,5.657621
4.000000,56.831651,13.214684
5.000000,86.267465,17.577934
6.000000,72.843984,17.303106
7.000000,72.609563,17.659128
8.000000,79.349402,19.326125
9.000000,85.789705,22.494693
10.000000,85.827605,23.415557
11.000000,86.543496,24.337585
12.000000,72.930674,26.113319
13.000000,86.789192,27.230343
14.000000,78.684638,29.722723
15.000000,87.600593,32.627181
16.000000,88.550831,27.826377
17.000000,87.994544,31.151777
18.000000,88.094278,37.526935
19.000000,87.349574,35.204443
20.000000,87.978099,37.707791
21.000000,85.522815,33.488842
22.000000,89.072621,39.140787
23.000000,87.526262,38.813373
24.000000,88.467451,37.398916
25.000000,87.994528,40.664017
26.000000,87.938947,43.947769
27.000000,88.420596,40.710272
28.000000,87.726623,43.436620
29.000000,89.053612,43.225522
30.000000,88.117189,46.786638
0.000000,55.593005,-1.706518
1.000000,67.034118,0.173635
2.000000,60.829805,8.390508
3.000000,65.600322,12.383923
4.000000,61.243183,11.992719
5.000000,55.178337,10.615770
6.000000,63.894477,11.889412
7.000000,78.456693,13.194714
8.000000,64.491791,12.352789
9.000000,69.951675,11.322714
10.000000,74.653689,18.892970
11.000000,55.118931,17.506130
12.000000,84.866538,19.752974
13.000000,87.530570,26.165447
14.000000,79.970951,31.696784
15.000000,86.798479,22.567595
16.000000,87.131775,29.264646
17.000000,88.574684,31.330060
18.000000,87.718579,25.968615
19.000000,87.195302,27.438437
20.000000,79.260849,25.915163
21.000000,86.368523,28.396842
22.000000,87.357156,28.927837
23.000000,85.479921,32.355936
24.000000,87.658523,28.598359
25.000000,85.575348,31.644742
26.000000,87.579011,32.806902
27.000000,87.160456,32.190494
28.000000,79.003535,30.713194
29.000000,87.743530,31.752365
30.000000,88.273207,33.000327
0.000000,55.089280,-0.188128
1.000000,38.761595,0.589113
2.000000,61.557157,2.540098
3.000000,61.306431,5.818962
4.000000,60.876031,5.229188
5.000000,49.553234,3.589591
6.000000,54.935430,7.837060
7.000000,70.143343,7.893116
8.000000,55.569576,10.598534
9.000000,72.950890,10.636945
10.000000,70.119057,18.564713
11.000000,61.020321,20.242820
12.000000,73.104939,20.436209
13.000000,58.453928,17.085847
14.000000,69.697595,22.217932
15.000000,78.890192,23.400448
16.000000,85.229024,25.434098
17.000000,79.870746,29.038691
18.000000,73.004248,28.842517
19.000000,79.827729,32.311105
20.000000,89.795355,31.015747
21.000000,85.476357,29.434947
22.000000,85.124015,30.198821
23.000000,84.988861,35.632729
24.000000,78.924124,32.272780
25.000000,85.470007,34.722616
26.000000,85.589965,34.270706
27.000000,85.508440,33.671559
28.000000,84.455574,35.635175
29.000000,84.963049,37.325165
30.000000,88.022773,34.282659
0.000000,43.119650,-2.150761
1.000000,55.463456,0.479434
2.000000,50.221567,11.299097
3.000000,66.935821,15.653009
4.000000,78.993763,17.677393
5.000000,73.251106,19.245553
6.000000,85.503091,21.439857
7.000000,73.130011,23.970299
8.000000,72.921473,27.640703
9.000000,73.084326,27.146718
10.000000,85.398594,29.419975
11.000000,79.035513,28.432721
12.000000,78.980997,27.441190
13.000000,85.538995,34.221534
14.000000,78.916531,32.243811
15.000000,85.386470,34.554449
16.000000,79.003407,36.719564
17.000000,85.224642,40.910686
18.000000,73.125334,39.543291
19.000000,84.888615,43.028434
20.000000,84.569097,42.846436
21.000000,85.349155,46.168494
22.000000,85.220382,45.151045
23.000000,79.062233,43.368970
24.000000,85.302629,47.332737
25.000000,85.574816,43.959169
26.000000,85.574816,49.874593
27.000000,85.462736,48.674424
28.000000,85.538995,48.066393
29.000000,85.186282,48.725176
30.000000,79.057630,50.047866
