0.000000,35.431768,-3.506322
1.000000,35.431768,-2.122604
2.000000,42.292292,0.996835
3.000000,71.012329,7.396635
4.000000,56.515543,10.448761
5.000000,56.026923,9.333455
6.000000,63.655743,10.164247
7.000000,56.894255,12.203798
8.000000,56.792660,15.323612
9.000000,70.906014,14.309864
10.000000,70.679283,19.458878
11.000000,62.504273,17.005616
12.000000,86.342220,19.646878
13.000000,55.498457,16.310979
14.000000,71.369595,18.006887
15.000000,70.824010,21.093833
16.000000,78.527285,21.496651
17.000000,86.185799,19.765437
18.000000,78.520975,24.221933
19.000000,78.493179,21.545052
20.000000,67.640173,23.097319
21.000000,78.499274,23.798137
22.000000,78.475168,23.904913
23.000000,78.198992,26.434669
24.000000,78.527285,25.022259
25.000000,71.305461,21.954973
26.000000,86.282150,25.656961
27.000000,86.378494,25.796728
28.000000,78.514715,25.795393
29.000000,86.330323,27.519655
30.000000,86.191273,29.301137
0.000000,35.431768,-2.903209
1.000000,63.425218,-0.486557
2.000000,49.433891,8.175745
3.000000,86.352260,13.201212
4.000000,64.086598,8.235862
5.000000,77.932530,3.077888
6.000000,70.536334,10.814548
7.000000,63.020474,16.879931
8.000000,63.335605,13.474282
9.000000,63.308037,12.012932
10.000000,61.244463,9.449986
11.000000,78.493179,21.273189
12.000000,56.755937,16.996969
13.000000,78.530458,16.242908
14.000000,56.899665,16.473057
15.000000,85.892059,19.280316
16.000000,63.258913,18.099116
17.000000,70.941026,17.148393
18.000000,78.556307,16.785088
19.000000,71.028263,21.883687
20.000000,86.573795,22.813101
21.000000,71.261274,27.389752
22.000000,86.342220,24.777278
23.000000,78.595462,27.068848
24.000000,86.534885,25.590582
25.000000,86.350699,29.145850
26.000000,78.421171,26.767627
27.000000,85.945546,28.103078
28.000000,86.568255,30.627870
29.000000,86.593788,27.154969
30.000000,86.543956,26.926765
0.000000,49.550331,-2.955145
1.000000,49.570718,-1.362749
2.000000,64.041227,6.876195
3.000000,70.180786,24.154142
4.000000,70.898104,25.711566
5.000000,70.992148,28.667336
6.000000,63.826011,23.964626
7.000000,70.999999,23.952284
8.000000,85.777647,31.636135
9.000000,85.594193,31.207601
10.000000,85.736041,32.479704
11.000000,71.207811,30.752220
12.000000,71.160384,33.527871
13.000000,64.124191,32.711893
14.000000,78.230668,37.960390
15.000000,78.269374,37.266797
16.000000,71.165821,37.583407
17.000000,78.357679,37.788355
18.000000,78.381301,38.311194
19.000000,78.260943,37.336544
20.000000,71.160384,39.674609
21.000000,71.254854,40.515782
22.000000,78.304612,41.333569
23.000000,78.357928,42.968411
24.000000,78.225905,40.675791
25.000000,85.507512,42.810171
26.000000,78.355518,42.238491
27.000000,85.580215,41.516548
28.000000,85.698385,42.633954
29.000000,85.987977,42.369345
30.000000,71.057681,34.483947
0.000000,35.431768,-2.877393
1.000000,35.451586,-1.074227
2.000000,56.880586,6.515655
3.000000,46.973979,10.598426
4.000000,42.154496,10.150113
5.000000,35.624935,8.018070
6.000000,55.978439,11.182969
7.000000,70.285589,10.384051
8.000000,70.217435,13.085307
9.000000,56.691074,13.582589
10.000000,70.894096,16.425081
11.000000,70.991710,18.890398
12.000000,70.962226,10.020427
13.000000,63.923910,11.134680
14.000000,71.084515,17.792279
15.000000,63.779476,13.388690
16.000000,71.005596,11.972279
17.000000,85.730035,14.962825
18.000000,49.461796,10.182780
19.000000,67.468158,12.155001
20.000000,56.661520,15.563990
21.000000,56.279959,11.282285
22.000000,64.092769,14.523587
23.000000,56.720962,16.315010
24.000000,70.386953,15.485434
25.000000,70.324471,16.739537
26.000000,63.467008,16.460405
27.000000,56.676262,15.489613
28.000000,78.245158,16.623673
29.000000,64.086598,17.127915
30.000000,56.753326,15.706797
0.000000,56.680754,-2.430910
1.000000,35.447608,-3.184823
2.000000,35.431768,0.789840
3.000000,77.139230,0.515279
4.000000,60.787604,-0.859933
5.000000,78.454653,3.018301
6.000000,78.520019,11.992266
7.000000,78.258135,14.477742
8.000000,78.548700,15.168436
9.000000,85.537201,16.933424
10.000000,86.693995,19.031699
11.000000,71.080196,18.435333
12.000000,63.497016,14.960687
13.000000,70.950839,19.343452
14.000000,70.437681,20.651791
15.000000,84.351509,23.776804
16.000000,85.868983,21.628421
17.000000,86.966233,27.504453
18.000000,86.583045,26.008855
19.000000,86.582496,24.608865
20.000000,85.476083,28.654331
21.000000,87.329954,25.757408
22.000000,86.848849,25.516991
23.000000,88.171390,28.732265
24.000000,87.623379,31.000170
25.000000,85.802985,31.022732
26.000000,87.519570,32.492497
27.000000,87.121075,34.472254
28.000000,87.388234,32.760350
29.000000,86.344163,33.695228
30.000000,87.370313,35.666422
0.000000,41.873839,-2.855721
1.000000,49.797609,-0.783153
2.000000,66.764139,7.312118
3.000000,84.440056,11.887935
4.000000,86.856548,15.458688
5.000000,70.853054,9.284251
6.000000,62.915898,7.842193
7.000000,70.614416,10.652852
8.000000,70.359906,15.902743
9.000000,71.008028,14.272671
10.000000,84.839999,13.037635
11.000000,86.211960,17.762852
12.000000,77.594751,16.024881
13.000000,84.724648,17.954378
14.000000,86.172157,19.665153
15.000000,87.168972,21.983079
16.000000,85.065307,16.850466
17.000000,85.351903,15.039086
18.000000,85.165165,20.567631
19.000000,86.581075,18.657878
20.000000,77.689439,21.425180
21.000000,70.917923,17.813425
22.000000,86.655441,20.996893
23.000000,78.283004,24.694775
24.000000,85.890066,17.196456
25.000000,86.719187,21.636334
26.000000,85.751266,22.476255
27.000000,85.545556,20.441225
28.000000,70.822718,25.221962
29.000000,86.415237,22.300292
30.000000,87.101839,23.153954
0.000000,35.431768,-4.958098
1.000000,42.298513,-0.681569
2.000000,56.752951,6.952057
3.000000,71.128513,14.788823
4.000000,63.852185,17.481503
5.000000,78.514715,17.485245
6.000000,78.530458,27.208703
7.000000,78.524124,32.947156
8.000000,71.249083,31.543339
9.000000,78.566218,32.924794
10.000000,86.185799,33.728265
11.000000,78.367005,31.629308
12.000000,78.549766,37.043504
13.000000,85.780087,35.671472
14.000000,85.996452,36.657378
15.000000,85.996452,37.085887
16.000000,78.546516,36.414955
17.000000,86.092820,40.306429
18.000000,86.474827,40.754359
19.000000,86.041256,40.560203
20.000000,86.378494,40.439915
21.000000,86.474827,42.166088
22.000000,86.053155,41.336217
23.000000,78.607132,40.941865
24.000000,86.330323,43.574940
25.000000,86.378494,45.535384
26.000000,86.330323,46.076316
27.000000,86.378494,44.739134
28.000000,86.474827,44.654491
29.000000,86.426662,47.678802
30.000000,86.486722,45.168846
0.000000,35.431768,-3.244122
1.000000,49.215306,-4.055683
2.000000,63.049584,0.254393
3.000000,70.961108,5.710862
4.000000,67.298824,11.004727
5.000000,63.154696,12.987432
6.000000,70.837395,12.410862
7.000000,56.169728,10.050317
8.000000,70.672841,14.589192
9.000000,55.854257,14.029270
10.000000,87.458168,19.430594
11.000000,70.935900,15.633809
12.000000,78.177746,11.487041
13.000000,69.504186,16.625652
14.000000,78.201950,14.852285
15.000000,84.149333,20.043892
16.000000,77.778768,17.659249
17.000000,70.076316,16.451562
18.000000,77.557332,20.801590
19.000000,84.654482,21.478580
20.000000,84.592779,22.795333
21.000000,70.643799,22.290844
22.000000,85.121782,22.384948
23.000000,87.306154,23.522216
24.000000,85.073771,19.908684
25.000000,73.180797,19.637549
26.000000,85.055703,21.125010
27.000000,85.253299,23.904077
28.000000,70.991482,22.480865
29.000000,86.729001,22.956299
30.000000,84.859490,21.901691
0.000000,35.431768,-5.365289
1.000000,52.694759,-1.989050
2.000000,55.940397,2.531688
3.000000,42.916151,2.789818
4.000000,51.861768,3.247358
5.000000,62.992516,1.096669
6.000000,67.194670,2.966678
7.000000,63.000183,11.218238
8.000000,77.281934,17.016842
9.000000,67.267692,14.963651
10.000000,70.322591,11.055260
11.000000,63.288592,14.048622
12.000000,85.379647,15.723141
13.000000,77.797747,13.957478
14.000000,77.570780,10.837807
15.000000,77.391056,15.574709
16.000000,77.473281,16.269359
17.000000,85.038664,12.775536
18.000000,85.610655,13.854834
19.000000,85.548314,26.135782
20.000000,73.642857,22.389430
21.000000,69.997869,22.108608
22.000000,85.370203,27.082388
23.000000,85.631947,27.366260
24.000000,77.601759,22.382635
25.000000,84.149892,24.917401
26.000000,77.474927,27.044048
27.000000,77.252355,24.908379
28.000000,70.667128,23.991861
29.000000,85.722002,27.432985
30.000000,85.627617,23.515536
0.000000,55.787989,-3.958012
1.000000,35.297955,-4.611882
2.000000,48.794758,-2.796964
3.000000,49.049570,-2.371787
4.000000,35.439794,-3.755450
5.000000,57.888631,-1.857425
6.000000,46.679827,0.339467
7.000000,67.762068,3.383496
8.000000,67.036777,9.562973
9.000000,64.186835,8.082318
10.000000,83.966092,11.697268
11.000000,86.195045,6.376693
12.000000,73.044566,5.600177
13.000000,78.472131,4.642972
14.000000,54.594440,4.733871
15.000000,70.547851,7.672430
16.000000,63.464094,7.321124
17.000000,85.446916,8.492889
18.000000,63.023693,6.955764
19.000000,63.922787,9.610566
20.000000,56.737789,9.934859
21.000000,67.605564,11.430586
22.000000,70.928907,11.850969
23.000000,63.684422,10.015360
24.000000,84.117408,11.273260
25.000000,78.369120,11.515441
26.000000,71.073173,10.274323
27.000000,84.126582,15.574415
28.000000,86.378805,14.372011
29.000000,85.546628,15.415822
30.000000,85.818689,16.073397
