0.000000,40.580683,-1.249576
1.000000,40.580683,19.035861
2.000000,42.895215,30.379859
3.000000,52.719871,37.504260
4.000000,70.077157,42.494461
5.000000,70.178995,47.284058
6.000000,70.178995,53.191120
7.000000,70.178995,59.117055
8.000000,70.178995,60.476323
9.000000,70.178995,60.591926
10.000000,70.178995,60.991500
11.000000,70.178995,62.536356
12.000000,70.178995,64.930014
13.000000,75.265185,66.416347
14.000000,75.265185,66.644942
15.000000,75.265185,67.146407
16.000000,75.265185,68.041583
17.000000,75.265185,68.041583
18.000000,75.265185,68.066756
19.000000,75.265185,68.167449
20.000000,75.267843,68.483328
21.000000,75.267843,69.301056
22.000000,75.267843,69.304315
23.000000,75.267843,69.313828
24.000000,75.267843,69.313961
25.000000,75.267843,69.315881
26.000000,75.267843,69.369007
27.000000,75.267843,71.344447
28.000000,78.971988,74.027263
29.000000,78.971988,75.304233
30.000000,78.971988,75.561407
0.000000,42.223204,-2.350087
1.000000,47.590155,16.683118
2.000000,48.613836,32.067472
3.000000,49.042462,40.437935
4.000000,58.616930,43.812689
5.000000,60.646051,45.620035
6.000000,64.444710,47.400977
7.000000,67.149705,50.109732
8.000000,67.149705,51.681291
9.000000,69.984576,54.381230
10.000000,69.984576,54.973408
11.000000,69.984576,55.433568
12.000000,69.984576,56.192458
13.000000,69.984576,56.679410
14.000000,69.984576,58.153012
15.000000,69.984576,59.590871
16.000000,72.788508,60.729776
17.000000,72.788508,61.823141
18.000000,72.789289,62.533992
19.000000,72.789289,64.558130
20.000000,72.801503,64.558322
21.000000,74.911972,64.583287
22.000000,74.911972,64.732280
23.000000,78.844313,65.459433
24.000000,78.844313,65.944294
25.000000,78.844313,66.457686
26.000000,78.869947,67.303579
27.000000,78.875388,70.188208
28.000000,78.875388,73.312940
29.000000,78.875388,73.376160
30.000000,78.875388,73.496632
0.000000,32.030934,-1.970609
1.000000,46.986468,16.291722
2.000000,54.537660,28.665980
3.000000,54.537660,34.810319
4.000000,54.779659,41.596251
5.000000,60.497779,45.615021
6.000000,60.497779,47.472943
7.000000,60.497779,50.007825
8.000000,66.497614,53.437182
9.000000,66.497614,53.937317
10.000000,66.497614,55.598460
11.000000,66.497614,58.943858
12.000000,66.497614,61.520068
13.000000,66.497614,62.103835
14.000000,66.497614,62.297030
15.000000,66.497614,62.313351
16.000000,66.497614,62.381302
17.000000,66.497614,62.688476
18.000000,66.497614,63.631438
19.000000,66.598571,64.085637
20.000000,66.598571,64.138037
21.000000,66.598571,64.390313
22.000000,66.849606,64.609835
23.000000,66.888403,64.616988
24.000000,66.911956,64.645745
25.000000,66.988436,64.700584
26.000000,67.007296,64.712824
27.000000,67.134446,64.761168
28.000000,67.134446,64.836023
29.000000,67.134446,64.851122
30.000000,67.134446,64.861133
0.000000,49.449804,-1.747165
1.000000,67.538658,17.264517
2.000000,67.538658,33.103111
3.000000,67.538658,40.432428
4.000000,67.538658,47.086402
5.000000,67.538658,51.053426
6.000000,67.538658,53.019080
7.000000,67.538658,53.989320
8.000000,67.538658,54.432830
9.000000,67.538658,55.237799
10.000000,67.538658,56.319583
11.000000,73.184695,56.726320
12.000000,73.184695,57.351089
13.000000,73.184695,59.555869
14.000000,73.184695,62.682555
15.000000,73.184695,64.385673
16.000000,73.184695,64.442922
17.000000,73.184695,64.500171
18.000000,73.184695,65.015411
19.000000,73.184695,65.788271
20.000000,73.353116,65.790136
21.000000,73.353116,65.792002
22.000000,73.353116,65.792002
23.000000,73.353116,65.806930
24.000000,73.353116,65.842425
25.000000,73.353116,65.881568
26.000000,73.353116,65.881568
27.000000,73.353116,68.560751
28.000000,78.793049,71.884596
29.000000,78.793049,71.911796
30.000000,78.793049,71.993395
0.000000,42.855836,-1.960163
1.000000,42.855836,17.517902
2.000000,48.888674,30.407976
3.000000,48.898897,36.836676
4.000000,48.898897,40.679118
5.000000,48.898897,43.030459
6.000000,55.003343,44.605213
7.000000,55.003343,46.715689
8.000000,55.003343,47.196900
9.000000,64.547183,48.577634
10.000000,64.547183,50.108580
11.000000,66.231268,51.220845
12.000000,66.231268,54.109860
13.000000,66.577884,54.578973
14.000000,66.669810,56.147003
15.000000,66.726950,57.351774
16.000000,67.779695,58.897683
17.000000,78.686821,59.358670
18.000000,78.705995,60.408336
19.000000,78.705995,63.833237
20.000000,78.705995,64.524990
21.000000,78.729341,64.926980
22.000000,78.729341,65.720422
23.000000,84.690515,67.638847
24.000000,84.690515,68.328101
25.000000,85.188743,69.690396
26.000000,85.314296,70.913181
27.000000,85.314296,75.114951
28.000000,85.856071,80.085762
29.000000,85.856071,81.952281
30.000000,85.856071,82.013753
0.000000,34.607037,-1.168684
1.000000,42.869203,19.402837
2.000000,69.697802,30.504035
3.000000,69.697802,35.883845
4.000000,69.697802,43.017436
5.000000,69.697802,49.948920
6.000000,69.697802,56.736663
7.000000,69.697802,58.284725
8.000000,69.697802,60.966873
9.000000,69.697802,62.049264
10.000000,69.697802,63.915799
11.000000,72.933799,64.129342
12.000000,72.933799,64.428255
13.000000,72.933799,65.585019
14.000000,72.933799,68.512001
15.000000,72.933799,69.526858
16.000000,72.933799,69.542168
17.000000,72.933799,69.542168
18.000000,72.933799,69.542168
19.000000,72.933799,69.542168
20.000000,72.933799,69.542168
21.000000,72.933799,69.542168
22.000000,72.933799,69.542168
23.000000,72.933799,69.542168
24.000000,72.933799,69.542168
25.000000,72.933799,69.542168
26.000000,72.933799,69.542168
27.000000,72.933799,70.261846
28.000000,72.933799,71.315801
29.000000,72.933799,71.315801
30.000000,72.933799,71.315801
0.000000,52.743111,-1.908488
1.000000,52.743111,18.727693
2.000000,52.743111,33.117352
3.000000,52.743111,41.883820
4.000000,52.743111,45.607735
5.000000,52.743111,48.485230
6.000000,60.932605,51.723091
7.000000,60.932605,52.114698
8.000000,60.932605,52.839437
9.000000,64.517640,54.388470
10.000000,66.702068,55.108005
11.000000,66.702068,56.518259
12.000000,70.159055,58.705345
13.000000,70.159055,59.559073
14.000000,70.159055,59.938072
15.000000,70.159055,60.486289
16.000000,70.159055,60.486289
17.000000,70.159055,60.486289
18.000000,70.159055,60.486289
19.000000,70.159055,60.486289
20.000000,72.051952,60.495753
21.000000,72.051952,60.514682
22.000000,72.051952,60.647593
23.000000,72.051952,60.961962
24.000000,72.051952,60.969715
25.000000,72.400630,60.981660
26.000000,72.400630,60.987969
27.000000,72.400630,64.908018
28.000000,72.400630,69.303892
29.000000,72.456319,69.305914
30.000000,72.456319,69.307936
0.000000,40.566818,-1.403190
1.000000,42.089038,18.223672
2.000000,49.522302,31.957086
3.000000,49.522302,37.251058
4.000000,60.719252,42.160217
5.000000,66.893328,44.682618
6.000000,66.893328,46.213581
7.000000,66.893328,49.424335
8.000000,66.893328,54.610266
9.000000,66.893328,56.070881
10.000000,66.931686,56.885001
11.000000,66.931686,58.786043
12.000000,66.931686,59.994411
13.000000,66.931686,60.979524
14.000000,66.931686,61.239240
15.000000,66.931686,61.926620
16.000000,66.931686,62.425635
17.000000,66.931686,62.456707
18.000000,69.796398,62.546358
19.000000,69.796398,62.758682
20.000000,69.796398,63.703680
21.000000,74.667277,66.979723
22.000000,74.667277,67.153626
23.000000,74.667277,67.597437
24.000000,74.667277,69.581483
25.000000,74.667277,69.581483
26.000000,74.667277,69.581483
27.000000,74.667277,70.397060
28.000000,74.667277,71.714112
29.000000,74.667277,72.317745
30.000000,74.667277,73.449557
0.000000,46.828668,-1.831783
1.000000,47.246364,17.082826
2.000000,54.695804,31.298115
3.000000,54.695804,38.276451
4.000000,54.695804,47.619301
5.000000,54.695804,49.029316
6.000000,54.695804,49.396478
7.000000,55.944498,50.602879
8.000000,72.578800,51.725047
9.000000,72.578800,53.428508
10.000000,77.930514,55.689850
11.000000,77.930514,58.464645
12.000000,77.930514,60.787411
13.000000,78.897787,62.033040
14.000000,86.209665,63.606109
15.000000,86.561636,65.260148
16.000000,86.855397,67.142144
17.000000,87.099038,67.972176
18.000000,87.099038,68.039522
19.000000,87.693784,68.065149
20.000000,87.957097,68.197532
21.000000,87.957097,68.296261
22.000000,88.614843,68.346201
23.000000,88.614843,68.399264
24.000000,88.614843,68.484425
25.000000,88.615073,68.536444
26.000000,88.615073,68.536448
27.000000,88.615073,75.085303
28.000000,88.615073,83.272784
29.000000,88.615073,83.272793
30.000000,88.615073,83.272793
0.000000,42.519223,-1.293784
1.000000,48.101427,19.103032
2.000000,54.320694,30.792096
3.000000,54.320694,39.076099
4.000000,60.573503,44.755949
5.000000,64.439990,48.034664
6.000000,64.439990,50.595945
7.000000,69.980551,56.126768
8.000000,69.980551,57.629509
9.000000,69.980551,59.329516
10.000000,75.183433,61.078097
11.000000,75.183433,61.311115
12.000000,75.183433,62.016088
13.000000,75.183433,62.920357
14.000000,75.183433,62.926762
15.000000,75.183433,63.024248
16.000000,75.183433,63.187393
17.000000,75.183433,64.283156
18.000000,75.183433,65.315347
19.000000,75.183433,65.315880
20.000000,75.183433,65.318721
21.000000,78.904284,65.342652
22.000000,78.904284,65.435673
23.000000,78.904284,65.714737
24.000000,78.904284,66.254261
25.000000,78.904284,66.254261
26.000000,78.904284,66.254261
27.000000,78.904284,68.368487
28.000000,78.904284,72.816311
29.000000,78.904284,73.730919
30.000000,78.904284,73.730919
